C:\Users\dgmon\.CLion2018.2\system\cygwin_cmake\bin\cmake.exe -DCMAKE_BUILD_TYPE=Debug -G "CodeBlocks - Unix Makefiles" /cygdrive/c/Users/dgmon/GIT/PL/DataStore
-- The C compiler identification is GNU 8.1.0
-- Check for working C compiler: /cygdrive/c/Program Files (x86)/mingw-w64/i686-8.1.0-posix-dwarf-rt_v6-rev0/mingw32/bin/gcc.exe
-- Check for working C compiler: /cygdrive/c/Program Files (x86)/mingw-w64/i686-8.1.0-posix-dwarf-rt_v6-rev0/mingw32/bin/gcc.exe -- broken
CMake Error at /cygdrive/c/Users/dgmon/.CLion2018.2/system/cygwin_cmake/share/cmake-3.12.3/Modules/CMakeTestCCompiler.cmake:52 (message):
  The C compiler

    "/cygdrive/c/Program Files (x86)/mingw-w64/i686-8.1.0-posix-dwarf-rt_v6-rev0/mingw32/bin/gcc.exe"

  is not able to compile a simple test program.

  It fails with the following output:

    Change Dir: /cygdrive/c/Users/dgmon/GIT/PL/DataStore/cmake-build-debug/CMakeFiles/CMakeTmp
    
    Run Build Command:"/usr/bin/make.exe" "cmTC_83e1f/fast"
    /usr/bin/make -f CMakeFiles/cmTC_83e1f.dir/build.make CMakeFiles/cmTC_83e1f.dir/build
    make[1]: Entering directory '/cygdrive/c/Users/dgmon/GIT/PL/DataStore/cmake-build-debug/CMakeFiles/CMakeTmp'
    Building C object CMakeFiles/cmTC_83e1f.dir/testCCompiler.c.o
    "/cygdrive/c/Program Files (x86)/mingw-w64/i686-8.1.0-posix-dwarf-rt_v6-rev0/mingw32/bin/gcc.exe"    -o CMakeFiles/cmTC_83e1f.dir/testCCompiler.c.o   -c /cygdrive/c/Users/dgmon/GIT/PL/DataStore/cmake-build-debug/CMakeFiles/CMakeTmp/testCCompiler.c
    gcc.exe: error: /cygdrive/c/Users/dgmon/GIT/PL/DataStore/cmake-build-debug/CMakeFiles/CMakeTmp/testCCompiler.c: No such file or directory
    gcc.exe: fatal error: no input files
    compilation terminated.
    make[1]: *** [CMakeFiles/cmTC_83e1f.dir/build.make:66: CMakeFiles/cmTC_83e1f.dir/testCCompiler.c.o] Error 1
    make[1]: Leaving directory '/cygdrive/c/Users/dgmon/GIT/PL/DataStore/cmake-build-debug/CMakeFiles/CMakeTmp'
    make: *** [Makefile:121: cmTC_83e1f/fast] Error 2
    

  

  CMake will not be able to correctly generate this project.
Call Stack (most recent call first):
  CMakeLists.txt:2 (project)


-- Configuring incomplete, errors occurred!
See also "/cygdrive/c/Users/dgmon/GIT/PL/DataStore/cmake-build-debug/CMakeFiles/CMakeOutput.log".
See also "/cygdrive/c/Users/dgmon/GIT/PL/DataStore/cmake-build-debug/CMakeFiles/CMakeError.log".
